#
# A fatal error has been detected by the Java Runtime Environment:
#
#  SIGSEGV (0xb) at pc=0x000000011e553cdd, pid=923, tid=0x000000000000c00f
#
# JRE version: Java(TM) SE Runtime Environment (8.0_101-b13) (build 1.8.0_101-b13)
# Java VM: Java HotSpot(TM) 64-Bit Server VM (25.101-b13 mixed mode bsd-amd64 compressed oops)
# Problematic frame:
# C  [libawt_lwawt.dylib+0x1acdd]  OGLSD_SetScratchSurface+0x49
#
# Failed to write core dump. Core dumps have been disabled. To enable core dumping, try "ulimit -c unlimited" before starting Java again
#
# If you would like to submit a bug report, please visit:
#   http://bugreport.java.com/bugreport/crash.jsp
# The crash happened outside the Java Virtual Machine in native code.
# See problematic frame for where to report the bug.
#

---------------  T H R E A D  ---------------

Current thread (0x00007f88de065800):  JavaThread "Java2D Queue Flusher" daemon [_thread_in_native, id=49167, stack(0x000070000d1a9000,0x000070000d2a9000)]

siginfo: si_signo: 11 (SIGSEGV), si_code: 1 (SEGV_MAPERR), si_addr: 0x0000000000000002

Registers:
RAX=0x00000000ffffffff, RBX=0x0000000000000002, RCX=0x0000000000000047, RDX=0x000000011e574844
RSP=0x000070000d2a8830, RBP=0x000070000d2a8850, RSI=0x00007f88df9518d0, RDI=0x00007f88de0659f8
R8 =0x00000000f2ec3f69, R9 =0x0000000000000000, R10=0x00000001096a70f8, R11=0x0000000000000020
R12=0x0000000000000000, R13=0x000000079761fc18, R14=0x00007f88de0659f8, R15=0x00007f88de065800
RIP=0x000000011e553cdd, EFLAGS=0x0000000000010202, ERR=0x0000000000000004
  TRAPNO=0x000000000000000e

Top of Stack: (sp=0x000070000d2a8830)
0x000070000d2a8830:   00007f88df9518d0 0000000000000000
0x000070000d2a8840:   00007f88dc9dbe10 00007f88de065800
0x000070000d2a8850:   000070000d2a88d0 000000011e574322
0x000070000d2a8860:   0000000000000064 00007f88dc613c58
0x000070000d2a8870:   000070000d2a88d0 000000010634ea1c
0x000070000d2a8880:   0000000000000005 00007f88de065800
0x000070000d2a8890:   000000079761fc01 00007f88dc9dbe20
0x000070000d2a88a0:   00007000002a8800 00007f88de0659f8
0x000070000d2a88b0:   0000000000000000 0000000000000000
0x000070000d2a88c0:   000070000d2a8928 00007f88de065800
0x000070000d2a88d0:   000070000d2a8920 00000001096a716a
0x000070000d2a88e0:   000000079761fb30 000070000d2a8928
0x000070000d2a88f0:   0000000157109428 0000000000000000
0x000070000d2a8900:   00000001571093b8 0000000000000000
0x000070000d2a8910:   000070000d2a8930 0000000000000000
0x000070000d2a8920:   00000000f2ec3f66 0000000109be0280
0x000070000d2a8930:   000000079761fb30 000000079761fc18
0x000070000d2a8940:   0000000000000000 0000000000000000
0x000070000d2a8950:   000000079761fc18 000070000d2a89f0
0x000070000d2a8960:   0000000000000001 0000000000000000
0x000070000d2a8970:   000070000d2a89f0 00000001092e27a7
0x000070000d2a8980:   0000000797b28c00 0000000797b28c00
0x000070000d2a8990:   0000700000001fa0 000000000000000a
0x000070000d2a89a0:   00007f88de065800 0000000000000001
0x000070000d2a89b0:   00000001092e271f 00000001082d6b20
0x000070000d2a89c0:   000070000d2a8a88 000070000d2a8d20
0x000070000d2a89d0:   000000010000000a 00000001082d6b20
0x000070000d2a89e0:   00000001092f5120 000070000d2a8c90
0x000070000d2a89f0:   000070000d2a8ba0 00000001062ecf06
0x000070000d2a8a00:   0000700000000001 00007f88de065800
0x000070000d2a8a10:   00007f88de065800 000070000d2a8d20
0x000070000d2a8a20:   00007f88dc613c50 00000001092f5120 

Instructions: (pc=0x000000011e553cdd)
0x000000011e553cbd:   c0 e9 82 00 00 00 48 8b 5e 10 48 85 db 75 0e bf
0x000000011e553ccd:   01 00 00 00 48 8d 15 ef 76 03 00 eb d6 49 89 fe
0x000000011e553cdd:   4c 8b 3b 30 c0 e8 83 a3 02 00 49 8b 3f 49 89 c4
0x000000011e553ced:   48 8b 35 34 f9 05 00 30 c0 e8 cb a4 02 00 48 85 

Register to memory mapping:

RAX=0x00000000ffffffff is an unknown value
RBX=0x0000000000000002 is an unknown value
RCX=0x0000000000000047 is an unknown value
RDX=0x000000011e574844: Java_sun_java2d_opengl_OGLRenderQueue_flushBuffer+0xb5c in /Library/Java/JavaVirtualMachines/jdk1.8.0_101.jdk/Contents/Home/jre/lib/libawt_lwawt.dylib at 0x000000011e539000
RSP=0x000070000d2a8830 is pointing into the stack for thread: 0x00007f88de065800
RBP=0x000070000d2a8850 is pointing into the stack for thread: 0x00007f88de065800
RSI=0x00007f88df9518d0 is an unknown value
RDI=0x00007f88de0659f8 is an unknown value
R8 =0x00000000f2ec3f69 is an unknown value
R9 =0x0000000000000000 is an unknown value
R10=0x00000001096a70f8 is at entry_point+56 in (nmethod*)0x00000001096a6f50
R11=0x0000000000000020 is an unknown value
R12=0x0000000000000000 is an unknown value
R13=0x000000079761fc18 is an oop
sun.java2d.opengl.OGLRenderQueue$QueueFlusher 
 - klass: 'sun/java2d/opengl/OGLRenderQueue$QueueFlusher'
R14=0x00007f88de0659f8 is an unknown value
R15=0x00007f88de065800 is a thread


Stack: [0x000070000d1a9000,0x000070000d2a9000],  sp=0x000070000d2a8830,  free space=1022k
Native frames: (J=compiled Java code, j=interpreted, Vv=VM code, C=native code)
C  [libawt_lwawt.dylib+0x1acdd]  OGLSD_SetScratchSurface+0x49
C  [libawt_lwawt.dylib+0x3b322]  Java_sun_java2d_opengl_OGLRenderQueue_flushBuffer+0x63a
J 1154  sun.java2d.opengl.OGLRenderQueue.flushBuffer(JI)V (0 bytes) @ 0x00000001096a716a [0x00000001096a70c0+0xaa]
J 2991% C2 sun.java2d.opengl.OGLRenderQueue$QueueFlusher.run()V (234 bytes) @ 0x0000000109be0280 [0x0000000109bdff80+0x300]
v  ~StubRoutines::call_stub
V  [libjvm.dylib+0x2ecf06]  JavaCalls::call_helper(JavaValue*, methodHandle*, JavaCallArguments*, Thread*)+0x6ae
V  [libjvm.dylib+0x2ed694]  JavaCalls::call_virtual(JavaValue*, KlassHandle, Symbol*, Symbol*, JavaCallArguments*, Thread*)+0x164
V  [libjvm.dylib+0x2ed840]  JavaCalls::call_virtual(JavaValue*, Handle, KlassHandle, Symbol*, Symbol*, Thread*)+0x4a
V  [libjvm.dylib+0x348029]  thread_entry(JavaThread*, Thread*)+0x7c
V  [libjvm.dylib+0x5695ab]  JavaThread::thread_main_inner()+0x9b
V  [libjvm.dylib+0x56ac98]  JavaThread::run()+0x1c2
V  [libjvm.dylib+0x48933a]  java_start(Thread*)+0xf6
C  [libsystem_pthread.dylib+0x3305]  _pthread_body+0x7e
C  [libsystem_pthread.dylib+0x626f]  _pthread_start+0x46
C  [libsystem_pthread.dylib+0x2415]  thread_start+0xd
C  0x0000000000000000

Java frames: (J=compiled Java code, j=interpreted, Vv=VM code)
J 1154  sun.java2d.opengl.OGLRenderQueue.flushBuffer(JI)V (0 bytes) @ 0x00000001096a70f8 [0x00000001096a70c0+0x38]
J 2991% C2 sun.java2d.opengl.OGLRenderQueue$QueueFlusher.run()V (234 bytes) @ 0x0000000109be0280 [0x0000000109bdff80+0x300]
v  ~StubRoutines::call_stub

---------------  P R O C E S S  ---------------

Java Threads: ( => current thread )
  0x00007f88dc800000 JavaThread "DestroyJavaVM" [_thread_blocked, id=5891, stack(0x000070000c0f3000,0x000070000c1f3000)]
  0x00007f88dd8a9000 JavaThread "Thread-0" [_thread_blocked, id=73247, stack(0x000070000d73b000,0x000070000d83b000)]
  0x00007f88de071000 JavaThread "AWT-EventQueue-0" [_thread_blocked, id=76815, stack(0x000070000d4b2000,0x000070000d5b2000)]
  0x00007f88dd2d1800 JavaThread "TimerQueue" daemon [_thread_blocked, id=77067, stack(0x000070000d3af000,0x000070000d4af000)]
  0x00007f88dd27b800 JavaThread "Java2D Disposer" daemon [_thread_blocked, id=80143, stack(0x000070000d2ac000,0x000070000d3ac000)]
=>0x00007f88de065800 JavaThread "Java2D Queue Flusher" daemon [_thread_in_native, id=49167, stack(0x000070000d1a9000,0x000070000d2a9000)]
  0x00007f88dc91b000 JavaThread "AWT-Shutdown" [_thread_blocked, id=26667, stack(0x000070000cfa0000,0x000070000d0a0000)]
  0x00007f88dc91f000 JavaThread "AppKit Thread" daemon [_thread_in_native, id=775, stack(0x00007ffee9cec000,0x00007ffeea4ec000)]
  0x00007f88de005000 JavaThread "Service Thread" daemon [_thread_blocked, id=15875, stack(0x000070000cd17000,0x000070000ce17000)]
  0x00007f88dd047800 JavaThread "C1 CompilerThread2" daemon [_thread_blocked, id=15363, stack(0x000070000cc14000,0x000070000cd14000)]
  0x00007f88dd046800 JavaThread "C2 CompilerThread1" daemon [_thread_blocked, id=14851, stack(0x000070000cb11000,0x000070000cc11000)]
  0x00007f88dd046000 JavaThread "C2 CompilerThread0" daemon [_thread_blocked, id=14339, stack(0x000070000ca0e000,0x000070000cb0e000)]
  0x00007f88dd013800 JavaThread "Signal Dispatcher" daemon [_thread_blocked, id=13827, stack(0x000070000c90b000,0x000070000ca0b000)]
  0x00007f88dd006000 JavaThread "Finalizer" daemon [_thread_blocked, id=12291, stack(0x000070000c808000,0x000070000c908000)]
  0x00007f88dd004000 JavaThread "Reference Handler" daemon [_thread_blocked, id=11779, stack(0x000070000c705000,0x000070000c805000)]

Other Threads:
  0x00007f88dc81e800 VMThread [stack: 0x000070000c602000,0x000070000c702000] [id=20995]
  0x00007f88dc841800 WatcherThread [stack: 0x000070000ce1a000,0x000070000cf1a000] [id=16131]

VM state:not at safepoint (normal execution)

VM Mutex/Monitor currently owned by a thread: None

Heap:
 PSYoungGen      total 38400K, used 6447K [0x0000000795580000, 0x0000000798000000, 0x00000007c0000000)
  eden space 33280K, 4% used [0x0000000795580000,0x00000007956f18e8,0x0000000797600000)
  from space 5120K, 97% used [0x0000000797600000,0x0000000797ada3d8,0x0000000797b00000)
  to   space 5120K, 0% used [0x0000000797b00000,0x0000000797b00000,0x0000000798000000)
 ParOldGen       total 87552K, used 18173K [0x0000000740000000, 0x0000000745580000, 0x0000000795580000)
  object space 87552K, 20% used [0x0000000740000000,0x00000007411bf608,0x0000000745580000)
 Metaspace       used 18656K, capacity 19004K, committed 19328K, reserved 1067008K
  class space    used 2315K, capacity 2408K, committed 2432K, reserved 1048576K

Card table byte_map: [0x000000010735d000,0x000000010775e000] byte_map_base: 0x000000010395d000

Marking Bits: (ParMarkBitMap*) 0x00000001068edd20
 Begin Bits: [0x00000001182e2000, 0x000000011a2e2000)
 End Bits:   [0x000000011a2e2000, 0x000000011c2e2000)

Polling page: 0x0000000105782000

CodeCache: size=245760Kb used=9177Kb max_used=9195Kb free=236582Kb
 bounds [0x00000001092e2000, 0x0000000109c22000, 0x00000001182e2000]
 total_blobs=3308 nmethods=2712 adapters=507
 compilation: enabled

Compilation events (10 events):
Event: 66402.072 Thread 0x00007f88dd047800 nmethod 3029 0x00000001097d1110 code [0x00000001097d1260, 0x00000001097d1370]
Event: 66402.086 Thread 0x00007f88dd046800 3030       4       javax.swing.JComponent::getComponentGraphics (63 bytes)
Event: 66402.097 Thread 0x00007f88dd046800 nmethod 3030 0x0000000109687410 code [0x00000001096875a0, 0x0000000109687918]
Event: 66402.098 Thread 0x00007f88dd046800 3031   !   4       sun.font.FontDesignMetrics::getMetrics (265 bytes)
Event: 66402.098 Thread 0x00007f88dd047800 3032       3       java.util.WeakHashMap::put (162 bytes)
Event: 66402.100 Thread 0x00007f88dd047800 nmethod 3032 0x0000000109684250 code [0x0000000109684480, 0x0000000109685338]
Event: 66402.127 Thread 0x00007f88dd046000 nmethod 3028 0x0000000109be2cd0 code [0x0000000109be2f20, 0x0000000109be43d0]
Event: 66402.228 Thread 0x00007f88dd046800 nmethod 3031 0x000000010998e990 code [0x000000010998eda0, 0x0000000109991188]
Event: 66403.171 Thread 0x00007f88dd047800 3033  s    3       apple.laf.JRSUIControl::finalize (23 bytes)
Event: 66403.172 Thread 0x00007f88dd047800 nmethod 3033 0x00000001096b8750 code [0x00000001096b88c0, 0x00000001096b8c68]

GC Heap History (6 events):
Event: 536.737 GC heap before
{Heap before GC invocations=1 (full 0):
 PSYoungGen      total 38400K, used 33280K [0x0000000795580000, 0x0000000798000000, 0x00000007c0000000)
  eden space 33280K, 100% used [0x0000000795580000,0x0000000797600000,0x0000000797600000)
  from space 5120K, 0% used [0x0000000797b00000,0x0000000797b00000,0x0000000798000000)
  to   space 5120K, 0% used [0x0000000797600000,0x0000000797600000,0x0000000797b00000)
 ParOldGen       total 87552K, used 0K [0x0000000740000000, 0x0000000745580000, 0x0000000795580000)
  object space 87552K, 0% used [0x0000000740000000,0x0000000740000000,0x0000000745580000)
 Metaspace       used 17157K, capacity 17486K, committed 17664K, reserved 1064960K
  class space    used 2132K, capacity 2207K, committed 2304K, reserved 1048576K
Event: 536.755 GC heap after
Heap after GC invocations=1 (full 0):
 PSYoungGen      total 38400K, used 5119K [0x0000000795580000, 0x0000000798000000, 0x00000007c0000000)
  eden space 33280K, 0% used [0x0000000795580000,0x0000000795580000,0x0000000797600000)
  from space 5120K, 99% used [0x0000000797600000,0x0000000797affcf8,0x0000000797b00000)
  to   space 5120K, 0% used [0x0000000797b00000,0x0000000797b00000,0x0000000798000000)
 ParOldGen       total 87552K, used 8426K [0x0000000740000000, 0x0000000745580000, 0x0000000795580000)
  object space 87552K, 9% used [0x0000000740000000,0x000000074083aac8,0x0000000745580000)
 Metaspace       used 17157K, capacity 17486K, committed 17664K, reserved 1064960K
  class space    used 2132K, capacity 2207K, committed 2304K, reserved 1048576K
}
Event: 4175.843 GC heap before
{Heap before GC invocations=2 (full 0):
 PSYoungGen      total 38400K, used 37045K [0x0000000795580000, 0x0000000798000000, 0x00000007c0000000)
  eden space 33280K, 95% used [0x0000000795580000,0x00000007974ada00,0x0000000797600000)
  from space 5120K, 99% used [0x0000000797600000,0x0000000797affcf8,0x0000000797b00000)
  to   space 5120K, 0% used [0x0000000797b00000,0x0000000797b00000,0x0000000798000000)
 ParOldGen       total 87552K, used 9923K [0x0000000740000000, 0x0000000745580000, 0x0000000795580000)
  object space 87552K, 11% used [0x0000000740000000,0x00000007409b0c30,0x0000000745580000)
 Metaspace       used 18537K, capacity 18876K, committed 19072K, reserved 1067008K
  class space    used 2311K, capacity 2408K, committed 2432K, reserved 1048576K
Event: 4175.863 GC heap after
Heap after GC invocations=2 (full 0):
 PSYoungGen      total 38400K, used 5116K [0x0000000795580000, 0x0000000798000000, 0x00000007c0000000)
  eden space 33280K, 0% used [0x0000000795580000,0x0000000795580000,0x0000000797600000)
  from space 5120K, 99% used [0x0000000797b00000,0x0000000797fff0a8,0x0000000798000000)
  to   space 5120K, 0% used [0x0000000797600000,0x0000000797600000,0x0000000797b00000)
 ParOldGen       total 87552K, used 18162K [0x0000000740000000, 0x0000000745580000, 0x0000000795580000)
  object space 87552K, 20% used [0x0000000740000000,0x00000007411bcb30,0x0000000745580000)
 Metaspace       used 18537K, capacity 18876K, committed 19072K, reserved 1067008K
  class space    used 2311K, capacity 2408K, committed 2432K, reserved 1048576K
}
Event: 66403.097 GC heap before
{Heap before GC invocations=3 (full 0):
 PSYoungGen      total 38400K, used 38396K [0x0000000795580000, 0x0000000798000000, 0x00000007c0000000)
  eden space 33280K, 100% used [0x0000000795580000,0x0000000797600000,0x0000000797600000)
  from space 5120K, 99% used [0x0000000797b00000,0x0000000797fff0a8,0x0000000798000000)
  to   space 5120K, 0% used [0x0000000797600000,0x0000000797600000,0x0000000797b00000)
 ParOldGen       total 87552K, used 18165K [0x0000000740000000, 0x0000000745580000, 0x0000000795580000)
  object space 87552K, 20% used [0x0000000740000000,0x00000007411bd608,0x0000000745580000)
 Metaspace       used 18654K, capacity 19004K, committed 19328K, reserved 1067008K
  class space    used 2315K, capacity 2408K, committed 2432K, reserved 1048576K
Event: 66403.168 GC heap after
Heap after GC invocations=3 (full 0):
 PSYoungGen      total 38400K, used 4968K [0x0000000795580000, 0x0000000798000000, 0x00000007c0000000)
  eden space 33280K, 0% used [0x0000000795580000,0x0000000795580000,0x0000000797600000)
  from space 5120K, 97% used [0x0000000797600000,0x0000000797ada3d8,0x0000000797b00000)
  to   space 5120K, 0% used [0x0000000797b00000,0x0000000797b00000,0x0000000798000000)
 ParOldGen       total 87552K, used 18173K [0x0000000740000000, 0x0000000745580000, 0x0000000795580000)
  object space 87552K, 20% used [0x0000000740000000,0x00000007411bf608,0x0000000745580000)
 Metaspace       used 18654K, capacity 19004K, committed 19328K, reserved 1067008K
  class space    used 2315K, capacity 2408K, committed 2432K, reserved 1048576K
}

Deoptimization events (10 events):
Event: 6945.300 Thread 0x00007f88de071000 Uncommon trap: reason=unstable_if action=reinterpret pc=0x0000000109b6bfd4 method=sun.java2d.StateTrackableDelegate.getStateTracker()Lsun/java2d/StateTracker; @ 6
Event: 6945.301 Thread 0x00007f88de071000 Uncommon trap: reason=unstable_if action=reinterpret pc=0x0000000109b4ab6c method=sun.java2d.opengl.OGLBlitLoops.IsoBlit(Lsun/java2d/SurfaceData;Lsun/java2d/SurfaceData;Ljava/awt/image/BufferedImage;Ljava/awt/image/BufferedImageOp;Ljava/awt/Composite;Lsun
Event: 6945.301 Thread 0x00007f88de071000 Uncommon trap: reason=unstable_if action=reinterpret pc=0x00000001098e6d48 method=sun.java2d.opengl.OGLBlitLoops.createPackedParams(ZZZZII)I @ 36
Event: 6947.813 Thread 0x00007f88de071000 Uncommon trap: reason=class_check action=maybe_recompile pc=0x00000001098a5d74 method=sun.java2d.loops.SurfaceType.pixelFor(ILjava/awt/image/ColorModel;)I @ 6
Event: 6947.813 Thread 0x00007f88de071000 Uncommon trap: reason=class_check action=maybe_recompile pc=0x00000001098a5d74 method=sun.java2d.loops.SurfaceType.pixelFor(ILjava/awt/image/ColorModel;)I @ 6
Event: 6947.813 Thread 0x00007f88de071000 Uncommon trap: reason=class_check action=maybe_recompile pc=0x00000001098a5d74 method=sun.java2d.loops.SurfaceType.pixelFor(ILjava/awt/image/ColorModel;)I @ 6
Event: 6947.813 Thread 0x00007f88de071000 Uncommon trap: reason=class_check action=maybe_recompile pc=0x00000001098a5d74 method=sun.java2d.loops.SurfaceType.pixelFor(ILjava/awt/image/ColorModel;)I @ 6
Event: 6947.813 Thread 0x00007f88de071000 Uncommon trap: reason=unstable_if action=reinterpret pc=0x000000010960d794 method=sun.java2d.SunGraphics2D.setComposite(Ljava/awt/Composite;)V @ 39
Event: 29109.521 Thread 0x00007f88de065800 Uncommon trap: reason=unstable_if action=reinterpret pc=0x0000000109b979fc method=sun.java2d.opengl.OGLRenderQueue$QueueFlusher.run()V @ 47
Event: 29110.344 Thread 0x00007f88de071000 Uncommon trap: reason=unstable_if action=reinterpret pc=0x0000000109b7c17c method=sun.java2d.pipe.Region.getIntersectionXYXY(IIII)Lsun/java2d/pipe/Region; @ 55

Internal exceptions (10 events):
Event: 0.262 Thread 0x00007f88dc800000 Exception <a 'java/lang/NoSuchFieldError': method resolution failed> (0x00000007957f83b8) thrown at [/HUDSON3/workspace/8-2-build-macosx-x86_64/jdk8u101/7261/hotspot/src/share/vm/prims/methodHandles.cpp, line 1146]
Event: 0.569 Thread 0x00007f88dc800000 Exception <a 'java/io/FileNotFoundException'> (0x0000000795873a58) thrown at [/HUDSON3/workspace/8-2-build-macosx-x86_64/jdk8u101/7261/hotspot/src/share/vm/prims/jni.cpp, line 709]
Event: 0.569 Thread 0x00007f88dc800000 Exception <a 'java/io/FileNotFoundException'> (0x00000007958745c0) thrown at [/HUDSON3/workspace/8-2-build-macosx-x86_64/jdk8u101/7261/hotspot/src/share/vm/prims/jni.cpp, line 709]
Event: 3.719 Thread 0x00007f88dc800000 Exception <a 'java/lang/NoSuchMethodError': <clinit>> (0x0000000795efcb68) thrown at [/HUDSON3/workspace/8-2-build-macosx-x86_64/jdk8u101/7261/hotspot/src/share/vm/prims/jni.cpp, line 1613]
Event: 536.414 Thread 0x00007f88de071000 Implicit null exception at 0x00000001098bdad5 to 0x00000001098bdb81
Event: 536.673 Thread 0x00007f88de071000 Implicit null exception at 0x00000001098d8911 to 0x00000001098d8c5b
Event: 536.674 Thread 0x00007f88de071000 Implicit null exception at 0x000000010987e278 to 0x000000010987e4df
Event: 536.875 Thread 0x00007f88dc800000 Implicit null exception at 0x000000010971b0e0 to 0x000000010971b34d
Event: 680.158 Thread 0x00007f88de071000 Exception <a 'java/lang/NullPointerException'> (0x0000000796d49ea0) thrown at [/HUDSON3/workspace/8-2-build-macosx-x86_64/jdk8u101/7261/hotspot/src/share/vm/prims/jni.cpp, line 735]
Event: 4268.179 Thread 0x00007f88dc91f000 Implicit null exception at 0x00000001093f2b4c to 0x00000001093f2c9d

Events (10 events):
Event: 66185.742 Thread 0x00007f88dd047800 flushing nmethod 0x00000001099402d0
Event: 66185.743 Thread 0x00007f88dd047800 flushing nmethod 0x0000000109972190
Event: 66185.744 Thread 0x00007f88dd047800 flushing nmethod 0x0000000109977b90
Event: 66185.744 Thread 0x00007f88dd047800 flushing nmethod 0x000000010997fa50
Event: 66185.744 Thread 0x00007f88dd047800 flushing nmethod 0x00000001099aacd0
Event: 66186.762 Thread 0x00007f88dd046000 flushing nmethod 0x00000001099c13d0
Event: 66403.096 Executing VM operation: ParallelGCFailedAllocation
Event: 66403.168 Executing VM operation: ParallelGCFailedAllocation done
Event: 66403.170 loading class sun/font/StrikeCache$2
Event: 66403.171 loading class sun/font/StrikeCache$2 done


Dynamic libraries:
0x0000000014c1d000 	/System/Library/Frameworks/Cocoa.framework/Versions/A/Cocoa
0x0000000014c1d000 	/System/Library/Frameworks/Security.framework/Versions/A/Security
0x0000000014c1d000 	/System/Library/Frameworks/ApplicationServices.framework/Versions/A/ApplicationServices
0x0000000014c1d000 	/usr/lib/libz.1.dylib
0x0000000014c1d000 	/usr/lib/libSystem.B.dylib
0x0000000014c1d000 	/usr/lib/libobjc.A.dylib
0x0000000014c1d000 	/System/Library/Frameworks/CoreFoundation.framework/Versions/A/CoreFoundation
0x0000000014c1d000 	/System/Library/Frameworks/Foundation.framework/Versions/C/Foundation
0x0000000014c1d000 	/System/Library/Frameworks/AppKit.framework/Versions/C/AppKit
0x0000000014c1d000 	/System/Library/Frameworks/CoreData.framework/Versions/A/CoreData
0x0000000014c1d000 	/System/Library/PrivateFrameworks/RemoteViewServices.framework/Versions/A/RemoteViewServices
0x0000000014c1d000 	/System/Library/PrivateFrameworks/UIFoundation.framework/Versions/A/UIFoundation
0x0000000014c1d000 	/System/Library/PrivateFrameworks/XCTTargetBootstrap.framework/Versions/A/XCTTargetBootstrap
0x0000000014c1d000 	/System/Library/PrivateFrameworks/IconServices.framework/Versions/A/IconServices
0x0000000014c1d000 	/System/Library/Frameworks/Metal.framework/Versions/A/Metal
0x0000000014c1d000 	/System/Library/PrivateFrameworks/DesktopServicesPriv.framework/Versions/A/DesktopServicesPriv
0x0000000014c1d000 	/usr/lib/libenergytrace.dylib
0x0000000014c1d000 	/System/Library/PrivateFrameworks/SkyLight.framework/Versions/A/SkyLight
0x0000000014c1d000 	/System/Library/Frameworks/CoreGraphics.framework/Versions/A/CoreGraphics
0x0000000014c1d000 	/System/Library/Frameworks/Accelerate.framework/Versions/A/Accelerate
0x0000000014c1d000 	/System/Library/Frameworks/IOSurface.framework/Versions/A/IOSurface
0x0000000014c1d000 	/System/Library/PrivateFrameworks/DFRFoundation.framework/Versions/A/DFRFoundation
0x0000000014c1d000 	/System/Library/Frameworks/AudioToolbox.framework/Versions/A/AudioToolbox
0x0000000014c1d000 	/System/Library/Frameworks/AudioUnit.framework/Versions/A/AudioUnit
0x0000000014c1d000 	/System/Library/PrivateFrameworks/DataDetectorsCore.framework/Versions/A/DataDetectorsCore
0x0000000014c1d000 	/System/Library/Frameworks/Carbon.framework/Versions/A/Frameworks/HIToolbox.framework/Versions/A/HIToolbox
0x0000000014c1d000 	/usr/lib/libicucore.A.dylib
0x0000000014c1d000 	/System/Library/Frameworks/QuartzCore.framework/Versions/A/QuartzCore
0x0000000014c1d000 	/System/Library/Frameworks/Carbon.framework/Versions/A/Frameworks/SpeechRecognition.framework/Versions/A/SpeechRecognition
0x0000000014c1d000 	/usr/lib/libauto.dylib
0x0000000014c1d000 	/usr/lib/libxml2.2.dylib
0x0000000014c1d000 	/System/Library/PrivateFrameworks/CoreUI.framework/Versions/A/CoreUI
0x0000000014c1d000 	/System/Library/Frameworks/CoreAudio.framework/Versions/A/CoreAudio
0x0000000014c1d000 	/System/Library/Frameworks/DiskArbitration.framework/Versions/A/DiskArbitration
0x0000000014c1d000 	/usr/lib/liblangid.dylib
0x0000000014c1d000 	/System/Library/PrivateFrameworks/MultitouchSupport.framework/Versions/A/MultitouchSupport
0x0000000014c1d000 	/System/Library/Frameworks/IOKit.framework/Versions/A/IOKit
0x0000000014c1d000 	/usr/lib/libDiagnosticMessagesClient.dylib
0x0000000014c1d000 	/System/Library/Frameworks/CoreServices.framework/Versions/A/CoreServices
0x0000000014c1d000 	/System/Library/PrivateFrameworks/PerformanceAnalysis.framework/Versions/A/PerformanceAnalysis
0x0000000014c1d000 	/System/Library/Frameworks/OpenGL.framework/Versions/A/OpenGL
0x0000000014c1d000 	/System/Library/Frameworks/ColorSync.framework/Versions/A/ColorSync
0x0000000014c1d000 	/System/Library/Frameworks/CoreImage.framework/Versions/A/CoreImage
0x0000000014c1d000 	/System/Library/Frameworks/CoreText.framework/Versions/A/CoreText
0x0000000014c1d000 	/System/Library/Frameworks/ImageIO.framework/Versions/A/ImageIO
0x0000000014c1d000 	/System/Library/PrivateFrameworks/Backup.framework/Versions/A/Backup
0x0000000014c1d000 	/usr/lib/libarchive.2.dylib
0x0000000014c1d000 	/System/Library/Frameworks/CFNetwork.framework/Versions/A/CFNetwork
0x0000000014c1d000 	/System/Library/Frameworks/SystemConfiguration.framework/Versions/A/SystemConfiguration
0x0000000014c1d000 	/usr/lib/libCRFSuite.dylib
0x0000000014c1d000 	/usr/lib/libc++.1.dylib
0x0000000014c1d000 	/usr/lib/libc++abi.dylib
0x0000000014c1d000 	/usr/lib/system/libcache.dylib
0x0000000014c1d000 	/usr/lib/system/libcommonCrypto.dylib
0x0000000014c1d000 	/usr/lib/system/libcompiler_rt.dylib
0x0000000014c1d000 	/usr/lib/system/libcopyfile.dylib
0x0000000014c1d000 	/usr/lib/system/libcorecrypto.dylib
0x0000000014c1d000 	/usr/lib/system/libdispatch.dylib
0x0000000014c1d000 	/usr/lib/system/libdyld.dylib
0x0000000014c1d000 	/usr/lib/system/libkeymgr.dylib
0x0000000014c1d000 	/usr/lib/system/liblaunch.dylib
0x0000000014c1d000 	/usr/lib/system/libmacho.dylib
0x0000000014c1d000 	/usr/lib/system/libquarantine.dylib
0x0000000014c1d000 	/usr/lib/system/libremovefile.dylib
0x0000000014c1d000 	/usr/lib/system/libsystem_asl.dylib
0x0000000014c1d000 	/usr/lib/system/libsystem_blocks.dylib
0x0000000014c1d000 	/usr/lib/system/libsystem_c.dylib
0x0000000014c1d000 	/usr/lib/system/libsystem_configuration.dylib
0x0000000014c1d000 	/usr/lib/system/libsystem_coreservices.dylib
0x0000000014c1d000 	/usr/lib/system/libsystem_darwin.dylib
0x0000000014c1d000 	/usr/lib/system/libsystem_dnssd.dylib
0x0000000014c1d000 	/usr/lib/system/libsystem_info.dylib
0x0000000014c1d000 	/usr/lib/system/libsystem_m.dylib
0x0000000014c1d000 	/usr/lib/system/libsystem_malloc.dylib
0x0000000014c1d000 	/usr/lib/system/libsystem_networkextension.dylib
0x0000000014c1d000 	/usr/lib/system/libsystem_notify.dylib
0x0000000014c1d000 	/usr/lib/system/libsystem_sandbox.dylib
0x0000000014c1d000 	/usr/lib/system/libsystem_secinit.dylib
0x0000000014c1d000 	/usr/lib/system/libsystem_kernel.dylib
0x0000000014c1d000 	/usr/lib/system/libsystem_platform.dylib
0x0000000014c1d000 	/usr/lib/system/libsystem_pthread.dylib
0x0000000014c1d000 	/usr/lib/system/libsystem_symptoms.dylib
0x0000000014c1d000 	/usr/lib/system/libsystem_trace.dylib
0x0000000014c1d000 	/usr/lib/system/libunwind.dylib
0x0000000014c1d000 	/usr/lib/system/libxpc.dylib
0x0000000014c1d000 	/usr/lib/libbsm.0.dylib
0x0000000014c1d000 	/usr/lib/system/libkxld.dylib
0x0000000014c1d000 	/System/Library/PrivateFrameworks/AppleFSCompression.framework/Versions/A/AppleFSCompression
0x0000000014c1d000 	/usr/lib/libOpenScriptingUtil.dylib
0x0000000014c1d000 	/usr/lib/libcoretls.dylib
0x0000000014c1d000 	/usr/lib/libcoretls_cfhelpers.dylib
0x0000000014c1d000 	/usr/lib/libpam.2.dylib
0x0000000014c1d000 	/usr/lib/libsqlite3.dylib
0x0000000014c1d000 	/usr/lib/libxar.1.dylib
0x0000000014c1d000 	/usr/lib/libbz2.1.0.dylib
0x0000000014c1d000 	/usr/lib/liblzma.5.dylib
0x0000000014c1d000 	/usr/lib/libnetwork.dylib
0x0000000014c1d000 	/usr/lib/libapple_nghttp2.dylib
0x0000000014c1d000 	/usr/lib/libpcap.A.dylib
0x0000000014c1d000 	/System/Library/Frameworks/CoreServices.framework/Versions/A/Frameworks/FSEvents.framework/Versions/A/FSEvents
0x0000000014c1d000 	/System/Library/Frameworks/CoreServices.framework/Versions/A/Frameworks/CarbonCore.framework/Versions/A/CarbonCore
0x0000000014c1d000 	/System/Library/Frameworks/CoreServices.framework/Versions/A/Frameworks/Metadata.framework/Versions/A/Metadata
0x0000000014c1d000 	/System/Library/Frameworks/CoreServices.framework/Versions/A/Frameworks/OSServices.framework/Versions/A/OSServices
0x0000000014c1d000 	/System/Library/Frameworks/CoreServices.framework/Versions/A/Frameworks/SearchKit.framework/Versions/A/SearchKit
0x0000000014c1d000 	/System/Library/Frameworks/CoreServices.framework/Versions/A/Frameworks/AE.framework/Versions/A/AE
0x0000000014c1d000 	/System/Library/Frameworks/CoreServices.framework/Versions/A/Frameworks/LaunchServices.framework/Versions/A/LaunchServices
0x0000000014c1d000 	/System/Library/Frameworks/CoreServices.framework/Versions/A/Frameworks/DictionaryServices.framework/Versions/A/DictionaryServices
0x0000000014c1d000 	/System/Library/Frameworks/CoreServices.framework/Versions/A/Frameworks/SharedFileList.framework/Versions/A/SharedFileList
0x0000000014c1d000 	/System/Library/Frameworks/NetFS.framework/Versions/A/NetFS
0x0000000014c1d000 	/System/Library/PrivateFrameworks/NetAuth.framework/Versions/A/NetAuth
0x0000000014c1d000 	/System/Library/PrivateFrameworks/login.framework/Versions/A/Frameworks/loginsupport.framework/Versions/A/loginsupport
0x0000000014c1d000 	/System/Library/PrivateFrameworks/TCC.framework/Versions/A/TCC
0x0000000014c1d000 	/System/Library/PrivateFrameworks/CoreNLP.framework/Versions/A/CoreNLP
0x0000000014c1d000 	/System/Library/PrivateFrameworks/MetadataUtilities.framework/Versions/A/MetadataUtilities
0x0000000014c1d000 	/usr/lib/libmecabra.dylib
0x0000000014c1d000 	/System/Library/Frameworks/ApplicationServices.framework/Versions/A/Frameworks/ATS.framework/Versions/A/ATS
0x0000000014c1d000 	/System/Library/Frameworks/ApplicationServices.framework/Versions/A/Frameworks/ColorSyncLegacy.framework/Versions/A/ColorSyncLegacy
0x0000000014c1d000 	/System/Library/Frameworks/ApplicationServices.framework/Versions/A/Frameworks/HIServices.framework/Versions/A/HIServices
0x0000000014c1d000 	/System/Library/Frameworks/ApplicationServices.framework/Versions/A/Frameworks/LangAnalysis.framework/Versions/A/LangAnalysis
0x0000000014c1d000 	/System/Library/Frameworks/ApplicationServices.framework/Versions/A/Frameworks/PrintCore.framework/Versions/A/PrintCore
0x0000000014c1d000 	/System/Library/Frameworks/ApplicationServices.framework/Versions/A/Frameworks/QD.framework/Versions/A/QD
0x0000000014c1d000 	/System/Library/Frameworks/ApplicationServices.framework/Versions/A/Frameworks/SpeechSynthesis.framework/Versions/A/SpeechSynthesis
0x0000000014c1d000 	/usr/lib/libcompression.dylib
0x0000000014c1d000 	/System/Library/Frameworks/CoreDisplay.framework/Versions/A/CoreDisplay
0x0000000014c1d000 	/System/Library/Frameworks/MetalPerformanceShaders.framework/Versions/A/MetalPerformanceShaders
0x0000000014c1d000 	/System/Library/Frameworks/Accelerate.framework/Versions/A/Frameworks/vImage.framework/Versions/A/vImage
0x0000000014c1d000 	/System/Library/Frameworks/Accelerate.framework/Versions/A/Frameworks/vecLib.framework/Versions/A/vecLib
0x0000000014c1d000 	/System/Library/Frameworks/Accelerate.framework/Versions/A/Frameworks/vecLib.framework/Versions/A/libvMisc.dylib
0x0000000014c1d000 	/System/Library/Frameworks/Accelerate.framework/Versions/A/Frameworks/vecLib.framework/Versions/A/libvDSP.dylib
0x0000000014c1d000 	/System/Library/Frameworks/Accelerate.framework/Versions/A/Frameworks/vecLib.framework/Versions/A/libBLAS.dylib
0x0000000014c1d000 	/System/Library/Frameworks/Accelerate.framework/Versions/A/Frameworks/vecLib.framework/Versions/A/libLAPACK.dylib
0x0000000014c1d000 	/System/Library/Frameworks/Accelerate.framework/Versions/A/Frameworks/vecLib.framework/Versions/A/libLinearAlgebra.dylib
0x0000000014c1d000 	/System/Library/Frameworks/Accelerate.framework/Versions/A/Frameworks/vecLib.framework/Versions/A/libSparseBLAS.dylib
0x0000000014c1d000 	/System/Library/Frameworks/Accelerate.framework/Versions/A/Frameworks/vecLib.framework/Versions/A/libQuadrature.dylib
0x0000000014c1d000 	/System/Library/Frameworks/Accelerate.framework/Versions/A/Frameworks/vecLib.framework/Versions/A/libBNNS.dylib
0x0000000014c1d000 	/System/Library/Frameworks/Accelerate.framework/Versions/A/Frameworks/vecLib.framework/Versions/A/libSparse.dylib
0x0000000014c1d000 	/System/Library/PrivateFrameworks/GPUWrangler.framework/Versions/A/GPUWrangler
0x0000000014c1d000 	/System/Library/PrivateFrameworks/IOAccelerator.framework/Versions/A/IOAccelerator
0x0000000014c1d000 	/System/Library/PrivateFrameworks/IOPresentment.framework/Versions/A/IOPresentment
0x0000000014c1d000 	/System/Library/PrivateFrameworks/DSExternalDisplay.framework/Versions/A/DSExternalDisplay
0x0000000014c1d000 	/System/Library/Frameworks/OpenGL.framework/Versions/A/Libraries/libCoreFSCache.dylib
0x0000000014c1d000 	/System/Library/Frameworks/MetalPerformanceShaders.framework/Frameworks/MPSCore.framework/Versions/A/MPSCore
0x0000000014c1d000 	/System/Library/Frameworks/MetalPerformanceShaders.framework/Frameworks/MPSImage.framework/Versions/A/MPSImage
0x0000000014c1d000 	/System/Library/Frameworks/MetalPerformanceShaders.framework/Frameworks/MPSNeuralNetwork.framework/Versions/A/MPSNeuralNetwork
0x0000000014c1d000 	/System/Library/Frameworks/MetalPerformanceShaders.framework/Frameworks/MPSMatrix.framework/Versions/A/MPSMatrix
0x0000000014c1d000 	/System/Library/Frameworks/MetalPerformanceShaders.framework/Frameworks/MPSRayIntersector.framework/Versions/A/MPSRayIntersector
0x0000000014c1d000 	/System/Library/PrivateFrameworks/MetalTools.framework/Versions/A/MetalTools
0x0000000014c1d000 	/System/Library/PrivateFrameworks/AggregateDictionary.framework/Versions/A/AggregateDictionary
0x0000000014c1d000 	/usr/lib/libMobileGestalt.dylib
0x0000000014c1d000 	/System/Library/Frameworks/CoreVideo.framework/Versions/A/CoreVideo
0x0000000014c1d000 	/System/Library/PrivateFrameworks/GraphVisualizer.framework/Versions/A/GraphVisualizer
0x0000000014c1d000 	/System/Library/PrivateFrameworks/FaceCore.framework/Versions/A/FaceCore
0x0000000014c1d000 	/System/Library/Frameworks/OpenCL.framework/Versions/A/OpenCL
0x0000000014c1d000 	/usr/lib/libFosl_dynamic.dylib
0x0000000014c1d000 	/System/Library/PrivateFrameworks/OTSVG.framework/Versions/A/OTSVG
0x0000000014c1d000 	/System/Library/Frameworks/ApplicationServices.framework/Versions/A/Frameworks/ATS.framework/Versions/A/Resources/libFontParser.dylib
0x0000000014c1d000 	/System/Library/Frameworks/ApplicationServices.framework/Versions/A/Frameworks/ATS.framework/Versions/A/Resources/libFontRegistry.dylib
0x0000000014c1d000 	/System/Library/Frameworks/ImageIO.framework/Versions/A/Resources/libJPEG.dylib
0x0000000014c1d000 	/System/Library/Frameworks/ImageIO.framework/Versions/A/Resources/libTIFF.dylib
0x0000000014c1d000 	/System/Library/Frameworks/ImageIO.framework/Versions/A/Resources/libPng.dylib
0x0000000014c1d000 	/System/Library/Frameworks/ImageIO.framework/Versions/A/Resources/libGIF.dylib
0x0000000014c1d000 	/System/Library/Frameworks/ImageIO.framework/Versions/A/Resources/libJP2.dylib
0x0000000014c1d000 	/System/Library/Frameworks/ImageIO.framework/Versions/A/Resources/libRadiance.dylib
0x0000000014c1d000 	/System/Library/PrivateFrameworks/AppleJPEG.framework/Versions/A/AppleJPEG
0x0000000014c1d000 	/System/Library/Frameworks/OpenGL.framework/Versions/A/Libraries/libGFXShared.dylib
0x0000000014c1d000 	/System/Library/Frameworks/OpenGL.framework/Versions/A/Libraries/libGLU.dylib
0x0000000014c1d000 	/System/Library/Frameworks/OpenGL.framework/Versions/A/Libraries/libGL.dylib
0x0000000014c1d000 	/System/Library/Frameworks/OpenGL.framework/Versions/A/Libraries/libGLImage.dylib
0x0000000014c1d000 	/System/Library/Frameworks/OpenGL.framework/Versions/A/Libraries/libCVMSPluginSupport.dylib
0x0000000014c1d000 	/System/Library/Frameworks/OpenGL.framework/Versions/A/Libraries/libCoreVMClient.dylib
0x0000000014c1d000 	/usr/lib/libcups.2.dylib
0x0000000014c1d000 	/System/Library/Frameworks/Kerberos.framework/Versions/A/Kerberos
0x0000000014c1d000 	/System/Library/Frameworks/GSS.framework/Versions/A/GSS
0x0000000014c1d000 	/usr/lib/libresolv.9.dylib
0x0000000014c1d000 	/usr/lib/libiconv.2.dylib
0x0000000014c1d000 	/System/Library/PrivateFrameworks/Heimdal.framework/Versions/A/Heimdal
0x0000000014c1d000 	/usr/lib/libheimdal-asn1.dylib
0x0000000014c1d000 	/System/Library/Frameworks/OpenDirectory.framework/Versions/A/OpenDirectory
0x0000000014c1d000 	/System/Library/PrivateFrameworks/CommonAuth.framework/Versions/A/CommonAuth
0x0000000014c1d000 	/System/Library/Frameworks/OpenDirectory.framework/Versions/A/Frameworks/CFOpenDirectory.framework/Versions/A/CFOpenDirectory
0x0000000014c1d000 	/System/Library/Frameworks/SecurityFoundation.framework/Versions/A/SecurityFoundation
0x0000000014c1d000 	/System/Library/PrivateFrameworks/APFS.framework/Versions/A/APFS
0x0000000014c1d000 	/usr/lib/libutil.dylib
0x0000000014c1d000 	/usr/lib/libcharset.1.dylib
0x0000000014c1d000 	/System/Library/PrivateFrameworks/AppleSauce.framework/Versions/A/AppleSauce
0x0000000014c1d000 	/System/Library/PrivateFrameworks/AssertionServices.framework/Versions/A/AssertionServices
0x0000000014c1d000 	/System/Library/PrivateFrameworks/BaseBoard.framework/Versions/A/BaseBoard
0x0000000014c1d000 	/usr/lib/libmecab.1.0.0.dylib
0x0000000014c1d000 	/usr/lib/libgermantok.dylib
0x0000000014c1d000 	/usr/lib/libThaiTokenizer.dylib
0x0000000014c1d000 	/usr/lib/libChineseTokenizer.dylib
0x0000000014c1d000 	/System/Library/PrivateFrameworks/LanguageModeling.framework/Versions/A/LanguageModeling
0x0000000014c1d000 	/System/Library/PrivateFrameworks/CoreEmoji.framework/Versions/A/CoreEmoji
0x0000000014c1d000 	/System/Library/PrivateFrameworks/Lexicon.framework/Versions/A/Lexicon
0x0000000014c1d000 	/System/Library/PrivateFrameworks/LinguisticData.framework/Versions/A/LinguisticData
0x0000000014c1d000 	/usr/lib/libcmph.dylib
0x0000000014c1d000 	/System/Library/Frameworks/ServiceManagement.framework/Versions/A/ServiceManagement
0x0000000014c1d000 	/System/Library/PrivateFrameworks/BackgroundTaskManagement.framework/Versions/A/BackgroundTaskManagement
0x0000000014c1d000 	/usr/lib/libxslt.1.dylib
0x0000000014c1d000 	/System/Library/Frameworks/Carbon.framework/Versions/A/Frameworks/Ink.framework/Versions/A/Ink
0x0000000014c1d000 	/System/Library/PrivateFrameworks/TextureIO.framework/Versions/A/TextureIO
0x0000000014c1d000 	/usr/lib/libate.dylib
0x0000000014c1d000 	/System/Library/PrivateFrameworks/CrashReporterSupport.framework/Versions/A/CrashReporterSupport
0x0000000014c1d000 	/System/Library/PrivateFrameworks/Sharing.framework/Versions/A/Sharing
0x0000000014c1d000 	/System/Library/PrivateFrameworks/AuthKit.framework/Versions/A/AuthKit
0x0000000014c1d000 	/System/Library/PrivateFrameworks/Apple80211.framework/Versions/A/Apple80211
0x0000000014c1d000 	/System/Library/PrivateFrameworks/CoreUtils.framework/Versions/A/CoreUtils
0x0000000014c1d000 	/System/Library/Frameworks/CoreWLAN.framework/Versions/A/CoreWLAN
0x0000000014c1d000 	/System/Library/Frameworks/IOBluetooth.framework/Versions/A/IOBluetooth
0x0000000014c1d000 	/System/Library/PrivateFrameworks/ProtocolBuffer.framework/Versions/A/ProtocolBuffer
0x0000000014c1d000 	/System/Library/PrivateFrameworks/MobileKeyBag.framework/Versions/A/MobileKeyBag
0x0000000014c1d000 	/System/Library/PrivateFrameworks/CorePhoneNumbers.framework/Versions/A/CorePhoneNumbers
0x0000000014c1d000 	/System/Library/PrivateFrameworks/AppleIDAuthSupport.framework/Versions/A/AppleIDAuthSupport
0x0000000014c1d000 	/System/Library/PrivateFrameworks/KeychainCircle.framework/Versions/A/KeychainCircle
0x0000000014c1d000 	/System/Library/PrivateFrameworks/ROCKit.framework/Versions/A/ROCKit
0x0000000014c1d000 	/System/Library/PrivateFrameworks/CoreWiFi.framework/Versions/A/CoreWiFi
0x0000000014c1d000 	/System/Library/Frameworks/CoreBluetooth.framework/Versions/A/CoreBluetooth
0x0000000014c1d000 	/System/Library/PrivateFrameworks/DebugSymbols.framework/Versions/A/DebugSymbols
0x0000000014c1d000 	/System/Library/PrivateFrameworks/CoreSymbolication.framework/Versions/A/CoreSymbolication
0x0000000014c1d000 	/System/Library/PrivateFrameworks/Symbolication.framework/Versions/A/Symbolication
0x0000000014c1d000 	/System/Library/PrivateFrameworks/SpeechRecognitionCore.framework/Versions/A/SpeechRecognitionCore
0x0000000106000000 	/Library/Java/JavaVirtualMachines/jdk1.8.0_101.jdk/Contents/Home/jre/lib/server/libjvm.dylib
0x0000000014c1d000 	/usr/lib/libstdc++.6.dylib
0x000000010573f000 	/Library/Java/JavaVirtualMachines/jdk1.8.0_101.jdk/Contents/Home/jre/lib/libverify.dylib
0x000000010574d000 	/Library/Java/JavaVirtualMachines/jdk1.8.0_101.jdk/Contents/Home/jre/lib/libjava.dylib
0x00000001057cc000 	/Library/Java/JavaVirtualMachines/jdk1.8.0_101.jdk/Contents/Home/jre/lib/libzip.dylib
0x0000000014c1d000 	/System/Library/Frameworks/JavaVM.framework/Versions/A/Frameworks/JavaRuntimeSupport.framework/Versions/A/JavaRuntimeSupport
0x0000000014c1d000 	/System/Library/Frameworks/JavaVM.framework/Versions/A/Frameworks/JavaNativeFoundation.framework/Versions/A/JavaNativeFoundation
0x0000000014c1d000 	/System/Library/Frameworks/JavaVM.framework/Versions/A/JavaVM
0x0000000014c1d000 	/System/Library/Frameworks/Carbon.framework/Versions/A/Carbon
0x0000000014c1d000 	/System/Library/PrivateFrameworks/JavaLaunching.framework/Versions/A/JavaLaunching
0x0000000014c1d000 	/System/Library/Frameworks/Carbon.framework/Versions/A/Frameworks/CommonPanels.framework/Versions/A/CommonPanels
0x0000000014c1d000 	/System/Library/Frameworks/Carbon.framework/Versions/A/Frameworks/Help.framework/Versions/A/Help
0x0000000014c1d000 	/System/Library/Frameworks/Carbon.framework/Versions/A/Frameworks/ImageCapture.framework/Versions/A/ImageCapture
0x0000000014c1d000 	/System/Library/Frameworks/Carbon.framework/Versions/A/Frameworks/OpenScripting.framework/Versions/A/OpenScripting
0x0000000014c1d000 	/System/Library/Frameworks/Carbon.framework/Versions/A/Frameworks/Print.framework/Versions/A/Print
0x0000000014c1d000 	/System/Library/Frameworks/Carbon.framework/Versions/A/Frameworks/SecurityHI.framework/Versions/A/SecurityHI
0x000000011e3c5000 	/Library/Java/JavaVirtualMachines/jdk1.8.0_101.jdk/Contents/Home/jre/lib/libawt.dylib
0x000000011e46d000 	/Library/Java/JavaVirtualMachines/jdk1.8.0_101.jdk/Contents/Home/jre/lib/./libmlib_image.dylib
0x000000011e539000 	/Library/Java/JavaVirtualMachines/jdk1.8.0_101.jdk/Contents/Home/jre/lib/libawt_lwawt.dylib
0x000000011e5ee000 	/Library/Java/JavaVirtualMachines/jdk1.8.0_101.jdk/Contents/Home/jre/lib/./libosxapp.dylib
0x0000000014c1d000 	/System/Library/Frameworks/ExceptionHandling.framework/Versions/A/ExceptionHandling
0x0000000014c1d000 	/System/Library/PrivateFrameworks/CoreServicesInternal.framework/Versions/A/CoreServicesInternal
0x0000000014c1d000 	/System/Library/CoreServices/RawCamera.bundle/Contents/MacOS/RawCamera
0x0000000014c1d000 	/System/Library/PrivateFrameworks/MobileAsset.framework/Versions/A/MobileAsset
0x0000000014c1d000 	/System/Library/PrivateFrameworks/StreamingZip.framework/Versions/A/StreamingZip
0x0000000014c1d000 	/System/Library/Frameworks/MediaToolbox.framework/Versions/A/MediaToolbox
0x0000000014c1d000 	/System/Library/PrivateFrameworks/CoreAVCHD.framework/Versions/A/CoreAVCHD
0x0000000014c1d000 	/System/Library/Frameworks/MediaAccessibility.framework/Versions/A/MediaAccessibility
0x0000000014c1d000 	/System/Library/PrivateFrameworks/Mangrove.framework/Versions/A/Mangrove
0x0000000014c1d000 	/System/Library/Frameworks/CoreMedia.framework/Versions/A/CoreMedia
0x0000000014c1d000 	/System/Library/Frameworks/VideoToolbox.framework/Versions/A/VideoToolbox
0x0000000014c1d000 	/System/Library/PrivateFrameworks/CoreAUC.framework/Versions/A/CoreAUC
0x0000000014c1d000 	/usr/lib/libspindump.dylib
0x0000000014c1d000 	/System/Library/PrivateFrameworks/AppleVA.framework/Versions/A/AppleVA
0x0000000014c1d000 	/System/Library/Frameworks/Accelerate.framework/Versions/A/Frameworks/vImage.framework/Versions/A/Libraries/libCGInterfaces.dylib
0x0000000014c1d000 	/System/Library/Frameworks/ApplicationServices.framework/Versions/A/Frameworks/ATS.framework/Versions/A/Resources/libTrueTypeScaler.dylib
0x0000000014c1d000 	/System/Library/Extensions/AppleIntelSKLGraphicsMTLDriver.bundle/Contents/MacOS/AppleIntelSKLGraphicsMTLDriver
0x0000000014c1d000 	/System/Library/PrivateFrameworks/GPUCompiler.framework/Versions/3902/Libraries/libmetal_timestamp.dylib
0x0000000014c1d000 	/System/Library/PrivateFrameworks/FamilyControls.framework/Versions/A/FamilyControls
0x0000000014c1d000 	/System/Library/PrivateFrameworks/CommerceKit.framework/Versions/A/Frameworks/CommerceCore.framework/Versions/A/CommerceCore
0x0000000014c1d000 	/System/Library/PrivateFrameworks/SystemAdministration.framework/Versions/A/SystemAdministration
0x0000000014c1d000 	/System/Library/PrivateFrameworks/AppContainer.framework/Versions/A/AppContainer
0x0000000014c1d000 	/System/Library/PrivateFrameworks/AppSandbox.framework/Versions/A/AppSandbox
0x0000000014c1d000 	/System/Library/PrivateFrameworks/SecCodeWrapper.framework/Versions/A/SecCodeWrapper
0x0000000014c1d000 	/usr/lib/libsandbox.1.dylib
0x0000000014c1d000 	/usr/lib/libMatch.1.dylib
0x0000000014c1d000 	/System/Library/PrivateFrameworks/DiskManagement.framework/Versions/A/DiskManagement
0x0000000014c1d000 	/System/Library/Frameworks/DirectoryService.framework/Versions/A/DirectoryService
0x0000000014c1d000 	/System/Library/PrivateFrameworks/DiskImages.framework/Versions/A/DiskImages
0x0000000014c1d000 	/System/Library/PrivateFrameworks/LoginUIKit.framework/Versions/A/Frameworks/LoginUICore.framework/Versions/A/LoginUICore
0x0000000014c1d000 	/usr/lib/libCoreStorage.dylib
0x0000000014c1d000 	/usr/lib/libcsfde.dylib
0x0000000014c1d000 	/usr/lib/libodfde.dylib
0x0000000014c1d000 	/System/Library/PrivateFrameworks/MediaKit.framework/Versions/A/MediaKit
0x0000000014c1d000 	/System/Library/Frameworks/DiscRecording.framework/Versions/A/DiscRecording
0x0000000014c1d000 	/System/Library/PrivateFrameworks/EFILogin.framework/Versions/A/EFILogin
0x0000000014c1d000 	/System/Library/PrivateFrameworks/ProtectedCloudStorage.framework/Versions/A/ProtectedCloudStorage
0x0000000014c1d000 	/usr/lib/libcurl.4.dylib
0x0000000014c1d000 	/usr/lib/libcrypto.42.dylib
0x0000000014c1d000 	/usr/lib/libssl.44.dylib
0x0000000014c1d000 	/System/Library/Frameworks/LDAP.framework/Versions/A/LDAP
0x0000000014c1d000 	/System/Library/PrivateFrameworks/TrustEvaluationAgent.framework/Versions/A/TrustEvaluationAgent
0x0000000014c1d000 	/usr/lib/libsasl2.2.dylib
0x0000000014c1d000 	/System/Library/PrivateFrameworks/CoreDaemon.framework/Versions/B/CoreDaemon
0x0000000014c1d000 	/System/Library/PrivateFrameworks/AppleSRP.framework/Versions/A/AppleSRP
0x0000000014c1d000 	/System/Library/PrivateFrameworks/ViewBridge.framework/Versions/A/ViewBridge
0x0000000014c1d000 	/System/Library/Frameworks/OpenGL.framework/Versions/A/Resources/GLEngine.bundle/GLEngine
0x0000000014c1d000 	/System/Library/Frameworks/OpenGL.framework/Versions/A/Libraries/libGLProgrammability.dylib
0x0000000014c1d000 	/System/Library/Extensions/AppleIntelSKLGraphicsGLDriver.bundle/Contents/MacOS/AppleIntelSKLGraphicsGLDriver
0x0000000014c1d000 	/System/Library/PrivateFrameworks/GPUSupport.framework/Versions/A/Libraries/libGPUSupportMercury.dylib
0x0000000014c1d000 	/System/Library/Frameworks/OpenGL.framework/Versions/A/Resources/GLRendererFloat.bundle/GLRendererFloat
0x0000000014c1d000 	/System/Library/Frameworks/OpenCL.framework/Versions/A/Libraries/libcldcpuengine.dylib
0x0000000014c1d000 	/usr/lib/libcrypto.35.dylib
0x00000001221a0000 	/Library/Java/JavaVirtualMachines/jdk1.8.0_101.jdk/Contents/Home/jre/lib/libfontmanager.dylib
0x0000000122207000 	/Library/Java/JavaVirtualMachines/jdk1.8.0_101.jdk/Contents/Home/jre/lib/libosxui.dylib
0x0000000122c43000 	/usr/lib/libobjc-trampolines.dylib
0x0000000124361000 	/Library/Java/JavaVirtualMachines/jdk1.8.0_101.jdk/Contents/Home/jre/lib/libnet.dylib
0x0000000124378000 	/Library/Java/JavaVirtualMachines/jdk1.8.0_101.jdk/Contents/Home/jre/lib/libnio.dylib
0x0000000154057000 	/Library/Java/JavaVirtualMachines/jdk1.8.0_101.jdk/Contents/Home/jre/lib/libdcpr.dylib
0x0000000014c1d000 	/System/Library/PrivateFrameworks/login.framework/Versions/A/login
0x0000000014c1d000 	/System/Library/PrivateFrameworks/CloudDocs.framework/Versions/A/CloudDocs
0x0000000014c1d000 	/System/Library/PrivateFrameworks/FileProvider.framework/Versions/A/FileProvider
0x0000000014c1d000 	/System/Library/PrivateFrameworks/SpotlightIndex.framework/Versions/A/SpotlightIndex
0x0000000014c1d000 	/System/Library/PrivateFrameworks/SymptomDiagnosticReporter.framework/Versions/A/SymptomDiagnosticReporter
0x0000000014c1d000 	/System/Library/PrivateFrameworks/GenerationalStorage.framework/Versions/A/GenerationalStorage
0x0000000014c1d000 	/System/Library/PrivateFrameworks/ChunkingLibrary.framework/Versions/A/ChunkingLibrary
0x0000000014c1d000 	/System/Library/PrivateFrameworks/PowerLog.framework/Versions/A/PowerLog
0x0000000014c1d000 	/System/Library/PrivateFrameworks/CoreAnalytics.framework/Versions/A/CoreAnalytics

VM Arguments:
java_command: org.hsqldb.util.DatabaseManagerSwing
java_class_path (initial): /Users/IRENE/.m2/repository/org/hsqldb/hsqldb/2.4.1/hsqldb-2.4.1.jar
Launcher Type: SUN_STANDARD

Environment Variables:
JAVA_HOME=/Library/Java/JavaVirtualMachines/jdk1.8.0_101.jdk/Contents/Home
PATH=/Users/IRENE/bin:/usr/local/bin:/bin:/sbin:/usr/bin:/usr/local/sbin:/usr/local/bin
SHELL=/bin/bash

Signal Handlers:
SIGSEGV: [libjvm.dylib+0x5af145], sa_mask[0]=11111111011111110111111111111111, sa_flags=SA_ONSTACK|SA_RESTART|SA_SIGINFO
SIGBUS: [libjvm.dylib+0x5af145], sa_mask[0]=11111111011111110111111111111111, sa_flags=SA_RESTART|SA_SIGINFO
SIGFPE: [libjvm.dylib+0x48694c], sa_mask[0]=11111111011111110111111111111111, sa_flags=SA_RESTART|SA_SIGINFO
SIGPIPE: [libjvm.dylib+0x48694c], sa_mask[0]=11111111011111110111111111111111, sa_flags=SA_RESTART|SA_SIGINFO
SIGXFSZ: [libjvm.dylib+0x48694c], sa_mask[0]=11111111011111110111111111111111, sa_flags=SA_RESTART|SA_SIGINFO
SIGILL: [libjvm.dylib+0x48694c], sa_mask[0]=11111111011111110111111111111111, sa_flags=SA_RESTART|SA_SIGINFO
SIGUSR1: SIG_DFL, sa_mask[0]=11011111011111100000000111000110, sa_flags=none
SIGUSR2: [libjvm.dylib+0x48646a], sa_mask[0]=00000000000000000000000000000000, sa_flags=SA_RESTART|SA_SIGINFO
SIGHUP: [libjvm.dylib+0x484a41], sa_mask[0]=11111111011111110111111111111111, sa_flags=SA_RESTART|SA_SIGINFO
SIGINT: SIG_IGN, sa_mask[0]=00000000000000000000000000000000, sa_flags=none
SIGTERM: [libjvm.dylib+0x484a41], sa_mask[0]=11111111011111110111111111111111, sa_flags=SA_RESTART|SA_SIGINFO
SIGQUIT: [libjvm.dylib+0x484a41], sa_mask[0]=11111111011111110111111111111111, sa_flags=SA_RESTART|SA_SIGINFO


---------------  S Y S T E M  ---------------

OS:Bsduname:Darwin 18.2.0 Darwin Kernel Version 18.2.0: Mon Nov 12 20:24:46 PST 2018; root:xnu-4903.231.4~2/RELEASE_X86_64 x86_64
rlimit: STACK 8192k, CORE 0k, NPROC 709, NOFILE 10240, AS infinity
load average:3.30 5.24 6.36

CPU:total 4 (2 cores per cpu, 2 threads per core) family 6 model 78 stepping 3, cmov, cx8, fxsr, mmx, sse, sse2, sse3, ssse3, sse4.1, sse4.2, popcnt, avx, avx2, aes, clmul, erms, 3dnowpref, lzcnt, ht, tsc, tscinvbit, bmi1, bmi2, adx

Memory: 4k page, physical 8388608k(1112748k free)

/proc/meminfo:


vm_info: Java HotSpot(TM) 64-Bit Server VM (25.101-b13) for bsd-amd64 JRE (1.8.0_101-b13), built on Jun 22 2016 02:42:15 by "java_re" with gcc 4.2.1 (Based on Apple Inc. build 5658) (LLVM build 2336.11.00)

time: Wed Mar 27 15:36:10 2019
elapsed time: 66403 seconds (0d 18h 26m 43s)

